<?xml version="1.0" encoding="UTF-8"?>
<!-- Generated by org.testng.reporters.JUnitReportReporter -->
<testsuite hostname="Vinayaka" failures="0" tests="1" name="com.ShoppersStack_TestScripts.TC_002_Verify_User_Is_Able_to_delete_address_Or_not" time="13.019" errors="0" timestamp="2025-04-03T23:10:12 IST" skipped="0">
  <testcase classname="com.ShoppersStack_TestScripts.TC_002_Verify_User_Is_Able_to_delete_address_Or_not" name="deleteAddress" time="13.019"/>
</testsuite> <!-- com.ShoppersStack_TestScripts.TC_002_Verify_User_Is_Able_to_delete_address_Or_not -->
