<?xml version="1.0" encoding="UTF-8"?>
<!-- Generated by org.testng.reporters.JUnitReportReporter -->
<testsuite hostname="Vinayaka" failures="0" tests="1" name="com.ShoppersStack_TestScripts.TC_001_Verify_Address_Is_Added_Or_Not" time="18.571" errors="0" timestamp="2025-04-03T23:08:32 IST" skipped="0">
  <testcase classname="com.ShoppersStack_TestScripts.TC_001_Verify_Address_Is_Added_Or_Not" name="addAddress" time="18.571"/>
</testsuite> <!-- com.ShoppersStack_TestScripts.TC_001_Verify_Address_Is_Added_Or_Not -->
